# JRE version: Java(TM) SE Runtime Environment (17.0.7+8) (build 17.0.7+8-LTS-224)
# Java VM: Java HotSpot(TM) 64-Bit Server VM (17.0.7+8-LTS-224, mixed mode, sharing, tiered, compressed oops, compressed class ptrs, g1 gc, windows-amd64)
GC Precious Log:
 CPUs: 4 total, 4 available
 Memory: 3958M
 Large Page Support: Disabled
 NUMA Support: Disabled
 Compressed Oops: Enabled (32-bit)
 Heap Region Size: 1M
 Heap Min Capacity: 8M
 Heap Initial Capacity: 62M
 Heap Max Capacity: 990M
 Pre-touch: Disabled
 Parallel Workers: 4
 Concurrent Workers: 1
 Concurrent Refinement Workers: 4
 Periodic GC: Disabled
Heap:
 garbage-first heap   total 96256K, used 64068K [0x00000000c2200000, 0x0000000100000000)
  region size 1024K, 24 young (24576K), 1 survivors (1024K)
 Metaspace       used 33125K, committed 33600K, reserved 1081344K
  class space    used 3706K, committed 3968K, reserved 1048576K
GC Heap History (20 events):
Event: 8.351 GC heap before
{Heap before GC invocations=6 (full 0):
 garbage-first heap   total 63488K, used 46979K [0x00000000c2200000, 0x0000000100000000)
  region size 1024K, 33 young (33792K), 3 survivors (3072K)
 Metaspace       used 20134K, committed 20480K, reserved 1073152K
  class space    used 2301K, committed 2496K, reserved 1048576K
}
Event: 8.354 GC heap after
{Heap after GC invocations=7 (full 0):
 garbage-first heap   total 63488K, used 17891K [0x00000000c2200000, 0x0000000100000000)
  region size 1024K, 4 young (4096K), 4 survivors (4096K)
 Metaspace       used 20134K, committed 20480K, reserved 1073152K
  class space    used 2301K, committed 2496K, reserved 1048576K
}
Event: 8.997 GC heap before
{Heap before GC invocations=7 (full 0):
 garbage-first heap   total 63488K, used 41443K [0x00000000c2200000, 0x0000000100000000)
  region size 1024K, 28 young (28672K), 4 survivors (4096K)
 Metaspace       used 21152K, committed 21504K, reserved 1073152K
  class space    used 2415K, committed 2624K, reserved 1048576K
}
Event: 9.003 GC heap after
{Heap after GC invocations=8 (full 0):
 garbage-first heap   total 63488K, used 19067K [0x00000000c2200000, 0x0000000100000000)
  region size 1024K, 4 young (4096K), 4 survivors (4096K)
 Metaspace       used 21152K, committed 21504K, reserved 1073152K
  class space    used 2415K, committed 2624K, reserved 1048576K
}
Event: 9.936 GC heap before
{Heap before GC invocations=9 (full 0):
 garbage-first heap   total 63488K, used 47739K [0x00000000c2200000, 0x0000000100000000)
  region size 1024K, 32 young (32768K), 4 survivors (4096K)
 Metaspace       used 23467K, committed 23872K, reserved 1073152K
  class space    used 2661K, committed 2880K, reserved 1048576K
}
Event: 9.941 GC heap after
{Heap after GC invocations=10 (full 0):
 garbage-first heap   total 63488K, used 21666K [0x00000000c2200000, 0x0000000100000000)
  region size 1024K, 4 young (4096K), 4 survivors (4096K)
 Metaspace       used 23467K, committed 23872K, reserved 1073152K
  class space    used 2661K, committed 2880K, reserved 1048576K
}
Event: 10.761 GC heap before
{Heap before GC invocations=10 (full 0):
 garbage-first heap   total 63488K, used 50338K [0x00000000c2200000, 0x0000000100000000)
  region size 1024K, 30 young (30720K), 4 survivors (4096K)
 Metaspace       used 29101K, committed 29568K, reserved 1081344K
  class space    used 3320K, committed 3584K, reserved 1048576K
}
Event: 10.768 GC heap after
{Heap after GC invocations=11 (full 0):
 garbage-first heap   total 64512K, used 30978K [0x00000000c2200000, 0x0000000100000000)
  region size 1024K, 4 young (4096K), 4 survivors (4096K)
 Metaspace       used 29101K, committed 29568K, reserved 1081344K
  class space    used 3320K, committed 3584K, reserved 1048576K
}
Event: 10.902 GC heap before
{Heap before GC invocations=11 (full 0):
 garbage-first heap   total 64512K, used 46338K [0x00000000c2200000, 0x0000000100000000)
  region size 1024K, 19 young (19456K), 4 survivors (4096K)
 Metaspace       used 29129K, committed 29568K, reserved 1081344K
  class space    used 3320K, committed 3584K, reserved 1048576K
}
Event: 10.907 GC heap after
{Heap after GC invocations=12 (full 0):
 garbage-first heap   total 64512K, used 37081K [0x00000000c2200000, 0x0000000100000000)
  region size 1024K, 3 young (3072K), 3 survivors (3072K)
 Metaspace       used 29129K, committed 29568K, reserved 1081344K
  class space    used 3320K, committed 3584K, reserved 1048576K
}
Event: 11.045 GC heap before
{Heap before GC invocations=12 (full 0):
 garbage-first heap   total 64512K, used 48345K [0x00000000c2200000, 0x0000000100000000)
  region size 1024K, 14 young (14336K), 3 survivors (3072K)
 Metaspace       used 29555K, committed 29952K, reserved 1081344K
  class space    used 3370K, committed 3584K, reserved 1048576K
}
Event: 11.051 GC heap after
{Heap after GC invocations=13 (full 0):
 garbage-first heap   total 64512K, used 39583K [0x00000000c2200000, 0x0000000100000000)
  region size 1024K, 2 young (2048K), 2 survivors (2048K)
 Metaspace       used 29555K, committed 29952K, reserved 1081344K
  class space    used 3370K, committed 3584K, reserved 1048576K
}
Event: 11.228 GC heap before
{Heap before GC invocations=14 (full 0):
 garbage-first heap   total 75776K, used 48799K [0x00000000c2200000, 0x0000000100000000)
  region size 1024K, 12 young (12288K), 2 survivors (2048K)
 Metaspace       used 30458K, committed 30848K, reserved 1081344K
  class space    used 3482K, committed 3712K, reserved 1048576K
}
Event: 11.234 GC heap after
{Heap after GC invocations=15 (full 0):
 garbage-first heap   total 75776K, used 42401K [0x00000000c2200000, 0x0000000100000000)
  region size 1024K, 2 young (2048K), 2 survivors (2048K)
 Metaspace       used 30458K, committed 30848K, reserved 1081344K
  class space    used 3482K, committed 3712K, reserved 1048576K
}
Event: 11.890 GC heap before
{Heap before GC invocations=15 (full 0):
 garbage-first heap   total 75776K, used 56737K [0x00000000c2200000, 0x0000000100000000)
  region size 1024K, 16 young (16384K), 2 survivors (2048K)
 Metaspace       used 31108K, committed 31488K, reserved 1081344K
  class space    used 3521K, committed 3712K, reserved 1048576K
}
Event: 11.894 GC heap after
{Heap after GC invocations=16 (full 0):
 garbage-first heap   total 75776K, used 42911K [0x00000000c2200000, 0x0000000100000000)
  region size 1024K, 2 young (2048K), 2 survivors (2048K)
 Metaspace       used 31108K, committed 31488K, reserved 1081344K
  class space    used 3521K, committed 3712K, reserved 1048576K
}
Event: 12.133 GC heap before
{Heap before GC invocations=17 (full 0):
 garbage-first heap   total 76800K, used 56223K [0x00000000c2200000, 0x0000000100000000)
  region size 1024K, 16 young (16384K), 2 survivors (2048K)
 Metaspace       used 32042K, committed 32448K, reserved 1081344K
  class space    used 3608K, committed 3840K, reserved 1048576K
}
Event: 12.136 GC heap after
{Heap after GC invocations=18 (full 0):
 garbage-first heap   total 76800K, used 43300K [0x00000000c2200000, 0x0000000100000000)
  region size 1024K, 2 young (2048K), 2 survivors (2048K)
 Metaspace       used 32042K, committed 32448K, reserved 1081344K
  class space    used 3608K, committed 3840K, reserved 1048576K
}
Event: 12.142 GC heap before
{Heap before GC invocations=18 (full 0):
 garbage-first heap   total 76800K, used 44324K [0x00000000c2200000, 0x0000000100000000)
  region size 1024K, 3 young (3072K), 2 survivors (2048K)
 Metaspace       used 32062K, committed 32512K, reserved 1081344K
  class space    used 3609K, committed 3840K, reserved 1048576K
}
Event: 12.145 GC heap after
{Heap after GC invocations=19 (full 0):
 garbage-first heap   total 96256K, used 41540K [0x00000000c2200000, 0x0000000100000000)
  region size 1024K, 1 young (1024K), 1 survivors (1024K)
 Metaspace       used 32062K, committed 32512K, reserved 1081344K
  class space    used 3609K, committed 3840K, reserved 1048576K
}

