# JRE version: Java(TM) SE Runtime Environment (17.0.7+8) (build 17.0.7+8-LTS-224)
# Java VM: Java HotSpot(TM) 64-Bit Server VM (17.0.7+8-LTS-224, mixed mode, sharing, tiered, compressed oops, compressed class ptrs, g1 gc, windows-amd64)
GC Precious Log:
 CPUs: 4 total, 4 available
 Memory: 3958M
 Large Page Support: Disabled
 NUMA Support: Disabled
 Compressed Oops: Enabled (32-bit)
 Heap Region Size: 1M
 Heap Min Capacity: 8M
 Heap Initial Capacity: 62M
 Heap Max Capacity: 990M
 Pre-touch: Disabled
 Parallel Workers: 4
 Concurrent Workers: 1
 Concurrent Refinement Workers: 4
 Periodic GC: Disabled
Heap:
 garbage-first heap   total 76800K, used 54390K [0x00000000c2200000, 0x0000000100000000)
  region size 1024K, 14 young (14336K), 1 survivors (1024K)
 Metaspace       used 33271K, committed 33728K, reserved 1081344K
  class space    used 3706K, committed 3968K, reserved 1048576K
GC Heap History (20 events):
Event: 6.442 GC heap before
{Heap before GC invocations=7 (full 0):
 garbage-first heap   total 63488K, used 41622K [0x00000000c2200000, 0x0000000100000000)
  region size 1024K, 28 young (28672K), 4 survivors (4096K)
 Metaspace       used 21118K, committed 21504K, reserved 1073152K
  class space    used 2414K, committed 2624K, reserved 1048576K
}
Event: 6.447 GC heap after
{Heap after GC invocations=8 (full 0):
 garbage-first heap   total 63488K, used 19249K [0x00000000c2200000, 0x0000000100000000)
  region size 1024K, 4 young (4096K), 4 survivors (4096K)
 Metaspace       used 21118K, committed 21504K, reserved 1073152K
  class space    used 2414K, committed 2624K, reserved 1048576K
}
Event: 7.590 GC heap before
{Heap before GC invocations=9 (full 0):
 garbage-first heap   total 63488K, used 48945K [0x00000000c2200000, 0x0000000100000000)
  region size 1024K, 32 young (32768K), 4 survivors (4096K)
 Metaspace       used 23428K, committed 23872K, reserved 1073152K
  class space    used 2659K, committed 2880K, reserved 1048576K
}
Event: 7.600 GC heap after
{Heap after GC invocations=10 (full 0):
 garbage-first heap   total 63488K, used 22039K [0x00000000c2200000, 0x0000000100000000)
  region size 1024K, 4 young (4096K), 4 survivors (4096K)
 Metaspace       used 23428K, committed 23872K, reserved 1073152K
  class space    used 2659K, committed 2880K, reserved 1048576K
}
Event: 10.308 GC heap before
{Heap before GC invocations=10 (full 0):
 garbage-first heap   total 63488K, used 49687K [0x00000000c2200000, 0x0000000100000000)
  region size 1024K, 30 young (30720K), 4 survivors (4096K)
 Metaspace       used 29088K, committed 29568K, reserved 1081344K
  class space    used 3319K, committed 3584K, reserved 1048576K
}
Event: 10.318 GC heap after
{Heap after GC invocations=11 (full 0):
 garbage-first heap   total 63488K, used 30720K [0x00000000c2200000, 0x0000000100000000)
  region size 1024K, 4 young (4096K), 4 survivors (4096K)
 Metaspace       used 29088K, committed 29568K, reserved 1081344K
  class space    used 3319K, committed 3584K, reserved 1048576K
}
Event: 11.235 GC heap before
{Heap before GC invocations=11 (full 0):
 garbage-first heap   total 63488K, used 47104K [0x00000000c2200000, 0x0000000100000000)
  region size 1024K, 19 young (19456K), 4 survivors (4096K)
 Metaspace       used 29108K, committed 29568K, reserved 1081344K
  class space    used 3320K, committed 3584K, reserved 1048576K
}
Event: 11.241 GC heap after
{Heap after GC invocations=12 (full 0):
 garbage-first heap   total 63488K, used 36308K [0x00000000c2200000, 0x0000000100000000)
  region size 1024K, 3 young (3072K), 3 survivors (3072K)
 Metaspace       used 29108K, committed 29568K, reserved 1081344K
  class space    used 3320K, committed 3584K, reserved 1048576K
}
Event: 12.304 GC heap before
{Heap before GC invocations=12 (full 0):
 garbage-first heap   total 63488K, used 47572K [0x00000000c2200000, 0x0000000100000000)
  region size 1024K, 14 young (14336K), 3 survivors (3072K)
 Metaspace       used 29544K, committed 29952K, reserved 1081344K
  class space    used 3369K, committed 3584K, reserved 1048576K
}
Event: 12.309 GC heap after
{Heap after GC invocations=13 (full 0):
 garbage-first heap   total 63488K, used 38782K [0x00000000c2200000, 0x0000000100000000)
  region size 1024K, 2 young (2048K), 2 survivors (2048K)
 Metaspace       used 29544K, committed 29952K, reserved 1081344K
  class space    used 3369K, committed 3584K, reserved 1048576K
}
Event: 13.388 GC heap before
{Heap before GC invocations=14 (full 0):
 garbage-first heap   total 68608K, used 47998K [0x00000000c2200000, 0x0000000100000000)
  region size 1024K, 12 young (12288K), 2 survivors (2048K)
 Metaspace       used 30415K, committed 30848K, reserved 1081344K
  class space    used 3479K, committed 3712K, reserved 1048576K
}
Event: 13.400 GC heap after
{Heap after GC invocations=15 (full 0):
 garbage-first heap   total 68608K, used 41554K [0x00000000c2200000, 0x0000000100000000)
  region size 1024K, 2 young (2048K), 2 survivors (2048K)
 Metaspace       used 30415K, committed 30848K, reserved 1081344K
  class space    used 3479K, committed 3712K, reserved 1048576K
}
Event: 14.606 GC heap before
{Heap before GC invocations=15 (full 0):
 garbage-first heap   total 68608K, used 51794K [0x00000000c2200000, 0x0000000100000000)
  region size 1024K, 13 young (13312K), 2 survivors (2048K)
 Metaspace       used 31167K, committed 31552K, reserved 1081344K
  class space    used 3521K, committed 3712K, reserved 1048576K
}
Event: 14.611 GC heap after
{Heap after GC invocations=16 (full 0):
 garbage-first heap   total 68608K, used 41828K [0x00000000c2200000, 0x0000000100000000)
  region size 1024K, 2 young (2048K), 2 survivors (2048K)
 Metaspace       used 31167K, committed 31552K, reserved 1081344K
  class space    used 3521K, committed 3712K, reserved 1048576K
}
Event: 15.017 GC heap before
{Heap before GC invocations=17 (full 0):
 garbage-first heap   total 75776K, used 53092K [0x00000000c2200000, 0x0000000100000000)
  region size 1024K, 13 young (13312K), 2 survivors (2048K)
 Metaspace       used 31672K, committed 32064K, reserved 1081344K
  class space    used 3563K, committed 3776K, reserved 1048576K
}
Event: 15.020 GC heap after
{Heap after GC invocations=18 (full 0):
 garbage-first heap   total 75776K, used 42335K [0x00000000c2200000, 0x0000000100000000)
  region size 1024K, 2 young (2048K), 2 survivors (2048K)
 Metaspace       used 31672K, committed 32064K, reserved 1081344K
  class space    used 3563K, committed 3776K, reserved 1048576K
}
Event: 15.034 GC heap before
{Heap before GC invocations=18 (full 0):
 garbage-first heap   total 75776K, used 43359K [0x00000000c2200000, 0x0000000100000000)
  region size 1024K, 3 young (3072K), 2 survivors (2048K)
 Metaspace       used 31701K, committed 32064K, reserved 1081344K
  class space    used 3564K, committed 3776K, reserved 1048576K
}
Event: 15.037 GC heap after
{Heap after GC invocations=19 (full 0):
 garbage-first heap   total 75776K, used 41491K [0x00000000c2200000, 0x0000000100000000)
  region size 1024K, 1 young (1024K), 1 survivors (1024K)
 Metaspace       used 31701K, committed 32064K, reserved 1081344K
  class space    used 3564K, committed 3776K, reserved 1048576K
}
Event: 15.846 GC heap before
{Heap before GC invocations=19 (full 0):
 garbage-first heap   total 75776K, used 57875K [0x00000000c2200000, 0x0000000100000000)
  region size 1024K, 17 young (17408K), 1 survivors (1024K)
 Metaspace       used 32326K, committed 32768K, reserved 1081344K
  class space    used 3616K, committed 3840K, reserved 1048576K
}
Event: 15.849 GC heap after
{Heap after GC invocations=20 (full 0):
 garbage-first heap   total 75776K, used 42102K [0x00000000c2200000, 0x0000000100000000)
  region size 1024K, 1 young (1024K), 1 survivors (1024K)
 Metaspace       used 32326K, committed 32768K, reserved 1081344K
  class space    used 3616K, committed 3840K, reserved 1048576K
}

