# JRE version: Java(TM) SE Runtime Environment (17.0.7+8) (build 17.0.7+8-LTS-224)
# Java VM: Java HotSpot(TM) 64-Bit Server VM (17.0.7+8-LTS-224, mixed mode, sharing, tiered, compressed oops, compressed class ptrs, g1 gc, windows-amd64)
GC Precious Log:
 CPUs: 4 total, 4 available
 Memory: 3958M
 Large Page Support: Disabled
 NUMA Support: Disabled
 Compressed Oops: Enabled (32-bit)
 Heap Region Size: 1M
 Heap Min Capacity: 8M
 Heap Initial Capacity: 62M
 Heap Max Capacity: 990M
 Pre-touch: Disabled
 Parallel Workers: 4
 Concurrent Workers: 1
 Concurrent Refinement Workers: 4
 Periodic GC: Disabled
Heap:
 garbage-first heap   total 76800K, used 57248K [0x00000000c2200000, 0x0000000100000000)
  region size 1024K, 17 young (17408K), 1 survivors (1024K)
 Metaspace       used 33281K, committed 33792K, reserved 1081344K
  class space    used 3703K, committed 3968K, reserved 1048576K
GC Heap History (20 events):
Event: 15.181 GC heap before
{Heap before GC invocations=7 (full 0):
 garbage-first heap   total 63488K, used 38416K [0x00000000c2200000, 0x0000000100000000)
  region size 1024K, 25 young (25600K), 4 survivors (4096K)
 Metaspace       used 21067K, committed 21504K, reserved 1073152K
  class space    used 2391K, committed 2624K, reserved 1048576K
}
Event: 15.186 GC heap after
{Heap after GC invocations=8 (full 0):
 garbage-first heap   total 63488K, used 19081K [0x00000000c2200000, 0x0000000100000000)
  region size 1024K, 4 young (4096K), 4 survivors (4096K)
 Metaspace       used 21067K, committed 21504K, reserved 1073152K
  class space    used 2391K, committed 2624K, reserved 1048576K
}
Event: 17.223 GC heap before
{Heap before GC invocations=9 (full 0):
 garbage-first heap   total 63488K, used 47753K [0x00000000c2200000, 0x0000000100000000)
  region size 1024K, 32 young (32768K), 4 survivors (4096K)
 Metaspace       used 23577K, committed 24064K, reserved 1073152K
  class space    used 2659K, committed 2880K, reserved 1048576K
}
Event: 17.228 GC heap after
{Heap after GC invocations=10 (full 0):
 garbage-first heap   total 63488K, used 20774K [0x00000000c2200000, 0x0000000100000000)
  region size 1024K, 3 young (3072K), 3 survivors (3072K)
 Metaspace       used 23577K, committed 24064K, reserved 1073152K
  class space    used 2659K, committed 2880K, reserved 1048576K
}
Event: 18.940 GC heap before
{Heap before GC invocations=10 (full 0):
 garbage-first heap   total 63488K, used 50470K [0x00000000c2200000, 0x0000000100000000)
  region size 1024K, 30 young (30720K), 3 survivors (3072K)
 Metaspace       used 29215K, committed 29696K, reserved 1081344K
  class space    used 3321K, committed 3584K, reserved 1048576K
}
Event: 18.948 GC heap after
{Heap after GC invocations=11 (full 0):
 garbage-first heap   total 63488K, used 30587K [0x00000000c2200000, 0x0000000100000000)
  region size 1024K, 4 young (4096K), 4 survivors (4096K)
 Metaspace       used 29215K, committed 29696K, reserved 1081344K
  class space    used 3321K, committed 3584K, reserved 1048576K
}
Event: 19.589 GC heap before
{Heap before GC invocations=11 (full 0):
 garbage-first heap   total 63488K, used 46971K [0x00000000c2200000, 0x0000000100000000)
  region size 1024K, 19 young (19456K), 4 survivors (4096K)
 Metaspace       used 29231K, committed 29696K, reserved 1081344K
  class space    used 3321K, committed 3584K, reserved 1048576K
}
Event: 19.594 GC heap after
{Heap after GC invocations=12 (full 0):
 garbage-first heap   total 63488K, used 36541K [0x00000000c2200000, 0x0000000100000000)
  region size 1024K, 3 young (3072K), 3 survivors (3072K)
 Metaspace       used 29231K, committed 29696K, reserved 1081344K
  class space    used 3321K, committed 3584K, reserved 1048576K
}
Event: 19.901 GC heap before
{Heap before GC invocations=12 (full 0):
 garbage-first heap   total 63488K, used 47805K [0x00000000c2200000, 0x0000000100000000)
  region size 1024K, 14 young (14336K), 3 survivors (3072K)
 Metaspace       used 29506K, committed 29952K, reserved 1081344K
  class space    used 3354K, committed 3584K, reserved 1048576K
}
Event: 19.906 GC heap after
{Heap after GC invocations=13 (full 0):
 garbage-first heap   total 63488K, used 38912K [0x00000000c2200000, 0x0000000100000000)
  region size 1024K, 2 young (2048K), 2 survivors (2048K)
 Metaspace       used 29506K, committed 29952K, reserved 1081344K
  class space    used 3354K, committed 3584K, reserved 1048576K
}
Event: 20.509 GC heap before
{Heap before GC invocations=14 (full 0):
 garbage-first heap   total 66560K, used 49152K [0x00000000c2200000, 0x0000000100000000)
  region size 1024K, 12 young (12288K), 2 survivors (2048K)
 Metaspace       used 30125K, committed 30592K, reserved 1081344K
  class space    used 3428K, committed 3648K, reserved 1048576K
}
Event: 20.514 GC heap after
{Heap after GC invocations=15 (full 0):
 garbage-first heap   total 66560K, used 41704K [0x00000000c2200000, 0x0000000100000000)
  region size 1024K, 2 young (2048K), 2 survivors (2048K)
 Metaspace       used 30125K, committed 30592K, reserved 1081344K
  class space    used 3428K, committed 3648K, reserved 1048576K
}
Event: 22.127 GC heap before
{Heap before GC invocations=15 (full 0):
 garbage-first heap   total 66560K, used 50920K [0x00000000c2200000, 0x0000000100000000)
  region size 1024K, 12 young (12288K), 2 survivors (2048K)
 Metaspace       used 31288K, committed 31744K, reserved 1081344K
  class space    used 3521K, committed 3776K, reserved 1048576K
}
Event: 22.132 GC heap after
{Heap after GC invocations=16 (full 0):
 garbage-first heap   total 66560K, used 42554K [0x00000000c2200000, 0x0000000100000000)
  region size 1024K, 2 young (2048K), 2 survivors (2048K)
 Metaspace       used 31288K, committed 31744K, reserved 1081344K
  class space    used 3521K, committed 3776K, reserved 1048576K
}
Event: 22.699 GC heap before
{Heap before GC invocations=17 (full 0):
 garbage-first heap   total 75776K, used 51770K [0x00000000c2200000, 0x0000000100000000)
  region size 1024K, 11 young (11264K), 2 survivors (2048K)
 Metaspace       used 31460K, committed 31936K, reserved 1081344K
  class space    used 3530K, committed 3776K, reserved 1048576K
}
Event: 22.702 GC heap after
{Heap after GC invocations=18 (full 0):
 garbage-first heap   total 75776K, used 42945K [0x00000000c2200000, 0x0000000100000000)
  region size 1024K, 1 young (1024K), 1 survivors (1024K)
 Metaspace       used 31460K, committed 31936K, reserved 1081344K
  class space    used 3530K, committed 3776K, reserved 1048576K
}
Event: 22.838 GC heap before
{Heap before GC invocations=18 (full 0):
 garbage-first heap   total 75776K, used 43969K [0x00000000c2200000, 0x0000000100000000)
  region size 1024K, 3 young (3072K), 1 survivors (1024K)
 Metaspace       used 31644K, committed 32064K, reserved 1081344K
  class space    used 3552K, committed 3776K, reserved 1048576K
}
Event: 22.843 GC heap after
{Heap after GC invocations=19 (full 0):
 garbage-first heap   total 75776K, used 41175K [0x00000000c2200000, 0x0000000100000000)
  region size 1024K, 1 young (1024K), 1 survivors (1024K)
 Metaspace       used 31644K, committed 32064K, reserved 1081344K
  class space    used 3552K, committed 3776K, reserved 1048576K
}
Event: 23.931 GC heap before
{Heap before GC invocations=19 (full 0):
 garbage-first heap   total 75776K, used 57559K [0x00000000c2200000, 0x0000000100000000)
  region size 1024K, 17 young (17408K), 1 survivors (1024K)
 Metaspace       used 32365K, committed 32832K, reserved 1081344K
  class space    used 3616K, committed 3840K, reserved 1048576K
}
Event: 23.934 GC heap after
{Heap after GC invocations=20 (full 0):
 garbage-first heap   total 75776K, used 41888K [0x00000000c2200000, 0x0000000100000000)
  region size 1024K, 1 young (1024K), 1 survivors (1024K)
 Metaspace       used 32365K, committed 32832K, reserved 1081344K
  class space    used 3616K, committed 3840K, reserved 1048576K
}

