<?xml version="1.0" encoding="UTF-8"?>
<testng-results ignored="0" total="1" passed="1" failed="0" skipped="0">
  <reporter-output>
  </reporter-output>
  <suite started-at="2024-07-22T20:46:12 IST" name="Suite" finished-at="2024-07-22T20:47:17 IST" duration-ms="65105">
    <groups>
    </groups>
    <test started-at="2024-07-22T20:46:12 IST" name="Test" finished-at="2024-07-22T20:47:17 IST" duration-ms="65105">
      <class name="test.UpdateProfile">
        <test-method is-config="true" signature="initlization()[pri:0, instance:test.UpdateProfile@3b07a0d6]" started-at="2024-07-22T20:46:12 IST" name="initlization" finished-at="2024-07-22T20:46:48 IST" duration-ms="36436" status="PASS">
          <reporter-output>
          </reporter-output>
        </test-method> <!-- initlization -->
        <test-method signature="testUpdatedProfile()[pri:0, instance:test.UpdateProfile@3b07a0d6]" started-at="2024-07-22T20:46:48 IST" name="testUpdatedProfile" finished-at="2024-07-22T20:47:11 IST" duration-ms="22929" status="PASS">
          <reporter-output>
          </reporter-output>
        </test-method> <!-- testUpdatedProfile -->
      </class> <!-- test.UpdateProfile -->
    </test> <!-- Test -->
  </suite> <!-- Suite -->
</testng-results>
