<?xml version="1.0" encoding="UTF-8"?>
<testng-results ignored="0" total="1" passed="1" failed="0" skipped="0">
  <reporter-output>
  </reporter-output>
  <suite started-at="2024-03-01T21:46:45 IST" name="Suite" finished-at="2024-03-01T21:47:00 IST" duration-ms="15296">
    <groups>
    </groups>
    <test started-at="2024-03-01T21:46:45 IST" name="Test" finished-at="2024-03-01T21:47:00 IST" duration-ms="15296">
      <class name="test.UpdateProfile">
        <test-method is-config="true" signature="initlization()[pri:0, instance:test.UpdateProfile@4de4b452]" started-at="2024-03-01T21:46:45 IST" name="initlization" finished-at="2024-03-01T21:46:54 IST" duration-ms="9274" status="PASS">
          <reporter-output>
          </reporter-output>
        </test-method> <!-- initlization -->
        <test-method signature="verify()[pri:0, instance:test.UpdateProfile@4de4b452]" started-at="2024-03-01T21:46:54 IST" name="verify" finished-at="2024-03-01T21:47:00 IST" duration-ms="5972" status="PASS">
          <reporter-output>
          </reporter-output>
        </test-method> <!-- verify -->
      </class> <!-- test.UpdateProfile -->
    </test> <!-- Test -->
  </suite> <!-- Suite -->
</testng-results>
